2018-10-10 21:33:51,204 - INFO - Beginning execution of dms2_fracsurvive in directory /fh/fast/bloom_j/computational_notebooks/jmlee34/2018/Perth2009-HA_mAb_MAP/MAP_analysis

2018-10-10 21:33:51,205 - INFO - Progress is being logged to ./results/fracsurvive/3C04-replicate-2a.log
2018-10-10 21:33:51,211 - INFO - Version information:
	Time and date: Wed Oct 10 21:33:51 2018
	Platform: Linux-3.13.0-143-generic-x86_64-with-debian-jessie-sid
	Python version: 3.6.5 |Anaconda, Inc.| (default, Apr 29 2018, 16:14:56)  [GCC 7.2.0]
	dms_tools2 version: 2.3.0
	Bio version: 1.72
	HTSeq version: 0.11.0
	pandas version: 0.23.4
	numpy version: 1.15.1
	IPython version: 6.5.0
	jupyter version: 1.0.0
	matplotlib version: 3.0.0
	plotnine version: 0.4.0
	natsort version: 5.4.1
	pystan version: 2.16.0.0
	scipy version: 1.1.0
	seaborn version: 0.9.0
	phydmslib version: 2.3.1
	statsmodels version: 0.9.0
	rpy2 version: 2.9.1
	regex version: 2.4.146
	umi_tools version unknown

2018-10-10 21:33:51,211 - INFO - Parsed the following arguments:
	outdir = ./results/fracsurvive/
	ncpus = 2
	use_existing = yes
	indir = ./results/renumberedcounts
	chartype = codon_to_aa
	aboveavg = no
	excludestop = yes
	pseudocount = 5.0
	mincount = 0
	name = 3C04-replicate-2a
	sel = L2-3C04-200ng-ml
	mock = L2mock-B
	libfracsurvive = 0.1101
	err = WTplasmid-B

2018-10-10 21:33:51,214 - INFO - Reading selected sample counts from L2-3C04-200ng-ml
2018-10-10 21:33:51,249 - INFO - Reading mock-selected sample counts from L2mock-B
2018-10-10 21:33:51,263 - INFO - Reading error-control sample counts from WTplasmid-B
2018-10-10 21:33:51,274 - INFO - Computing fracsurvive for each mutation...
2018-10-10 21:33:54,556 - INFO - Mutations with largest mutfracsurvive:
site wildtype mutation  mutfracsurvive
184        H        N            1.62
 -5        C        P            1.23
218        G        Y            1.02
160        K        S            0.92
193        F        D            0.91
160        K        T            0.86
192        I        E            0.77
262        S        T            0.77
159        F        G            0.69
192        I        D            0.69

2018-10-10 21:33:54,557 - INFO - Writing to ./results/fracsurvive/3C04-replicate-2a_mutfracsurvive.csv
2018-10-10 21:33:54,594 - INFO - Computing sitefracsurvive...
2018-10-10 21:33:54,610 - INFO - Sites with largest avgfracsurvive:
site  avgfracsurvive  maxfracsurvive
192            0.30            0.77
159            0.27            0.69
193            0.21            0.91
160            0.21            0.92
244            0.20            0.48
184            0.19            1.62
218            0.19            1.02
 -5            0.16            1.23
201            0.16            0.29
262            0.16            0.77

2018-10-10 21:33:54,610 - INFO - Writing to ./results/fracsurvive/3C04-replicate-2a_sitefracsurvive.csv
2018-10-10 21:33:54,616 - INFO - Successful completion of dms2_fracsurvive
