2018-10-10 21:33:50,668 - INFO - Beginning execution of dms2_fracsurvive in directory /fh/fast/bloom_j/computational_notebooks/jmlee34/2018/Perth2009-HA_mAb_MAP/MAP_analysis

2018-10-10 21:33:50,668 - INFO - Progress is being logged to ./results/fracsurvive/3C06-replicate-4a.log
2018-10-10 21:33:50,674 - INFO - Version information:
	Time and date: Wed Oct 10 21:33:50 2018
	Platform: Linux-3.13.0-143-generic-x86_64-with-debian-jessie-sid
	Python version: 3.6.5 |Anaconda, Inc.| (default, Apr 29 2018, 16:14:56)  [GCC 7.2.0]
	dms_tools2 version: 2.3.0
	Bio version: 1.72
	HTSeq version: 0.11.0
	pandas version: 0.23.4
	numpy version: 1.15.1
	IPython version: 6.5.0
	jupyter version: 1.0.0
	matplotlib version: 3.0.0
	plotnine version: 0.4.0
	natsort version: 5.4.1
	pystan version: 2.16.0.0
	scipy version: 1.1.0
	seaborn version: 0.9.0
	phydmslib version: 2.3.1
	statsmodels version: 0.9.0
	rpy2 version: 2.9.1
	regex version: 2.4.146
	umi_tools version unknown

2018-10-10 21:33:50,675 - INFO - Parsed the following arguments:
	outdir = ./results/fracsurvive/
	ncpus = 2
	use_existing = yes
	indir = ./results/renumberedcounts
	chartype = codon_to_aa
	aboveavg = no
	excludestop = yes
	pseudocount = 5.0
	mincount = 0
	name = 3C06-replicate-4a
	sel = L4-3C06-100ng-ml
	mock = L4mock
	libfracsurvive = 0.000688
	err = WT-pHH-plasmid

2018-10-10 21:33:50,680 - INFO - Reading selected sample counts from L4-3C06-100ng-ml
2018-10-10 21:33:50,705 - INFO - Reading mock-selected sample counts from L4mock
2018-10-10 21:33:50,717 - INFO - Reading error-control sample counts from WT-pHH-plasmid
2018-10-10 21:33:50,733 - INFO - Computing fracsurvive for each mutation...
2018-10-10 21:33:55,196 - INFO - Mutations with largest mutfracsurvive:
site wildtype mutation  mutfracsurvive
(HA2)51        K        N            0.18
(HA2)47        Q        Y            0.17
    326        K        V            0.15
    159        F        G            0.13
    214        S        V            0.12
    224        R        T            0.09
    160        K        S            0.05
    160        K        T            0.05
(HA2)88        K        R            0.05
    -12        I        F            0.04

2018-10-10 21:33:55,196 - INFO - Writing to ./results/fracsurvive/3C06-replicate-4a_mutfracsurvive.csv
2018-10-10 21:33:55,249 - INFO - Computing sitefracsurvive...
2018-10-10 21:33:55,274 - INFO - Sites with largest avgfracsurvive:
site  avgfracsurvive  maxfracsurvive
    159            0.01            0.13
(HA2)51            0.01            0.18
(HA2)47            0.01            0.17
    326            0.01            0.15
    214            0.01            0.12
    224            0.01            0.09
    160            0.01            0.05
      4            0.00            0.04
(HA2)88            0.00            0.05
    -12            0.00            0.04

2018-10-10 21:33:55,275 - INFO - Writing to ./results/fracsurvive/3C06-replicate-4a_sitefracsurvive.csv
2018-10-10 21:33:55,283 - INFO - Successful completion of dms2_fracsurvive
