2018-10-10 21:33:51,212 - INFO - Beginning execution of dms2_fracsurvive in directory /fh/fast/bloom_j/computational_notebooks/jmlee34/2018/Perth2009-HA_mAb_MAP/MAP_analysis

2018-10-10 21:33:51,212 - INFO - Progress is being logged to ./results/fracsurvive/4C01-replicate-2b.log
2018-10-10 21:33:51,218 - INFO - Version information:
	Time and date: Wed Oct 10 21:33:51 2018
	Platform: Linux-3.13.0-143-generic-x86_64-with-debian-jessie-sid
	Python version: 3.6.5 |Anaconda, Inc.| (default, Apr 29 2018, 16:14:56)  [GCC 7.2.0]
	dms_tools2 version: 2.3.0
	Bio version: 1.72
	HTSeq version: 0.11.0
	pandas version: 0.23.4
	numpy version: 1.15.1
	IPython version: 6.5.0
	jupyter version: 1.0.0
	matplotlib version: 3.0.0
	plotnine version: 0.4.0
	natsort version: 5.4.1
	pystan version: 2.16.0.0
	scipy version: 1.1.0
	seaborn version: 0.9.0
	phydmslib version: 2.3.1
	statsmodels version: 0.9.0
	rpy2 version: 2.9.1
	regex version: 2.4.146
	umi_tools version unknown

2018-10-10 21:33:51,218 - INFO - Parsed the following arguments:
	outdir = ./results/fracsurvive/
	ncpus = 2
	use_existing = yes
	indir = ./results/renumberedcounts
	chartype = codon_to_aa
	aboveavg = no
	excludestop = yes
	pseudocount = 5.0
	mincount = 0
	name = 4C01-replicate-2b
	sel = L2-4C01-1ug-ml
	mock = L2mock-A
	libfracsurvive = 7.340000000000001e-05
	err = WTplasmid-A

2018-10-10 21:33:51,221 - INFO - Reading selected sample counts from L2-4C01-1ug-ml
2018-10-10 21:33:51,248 - INFO - Reading mock-selected sample counts from L2mock-A
2018-10-10 21:33:51,266 - INFO - Reading error-control sample counts from WTplasmid-A
2018-10-10 21:33:51,279 - INFO - Computing fracsurvive for each mutation...
2018-10-10 21:33:55,051 - INFO - Mutations with largest mutfracsurvive:
site wildtype mutation  mutfracsurvive
     193        F        D            0.04
     193        F        A            0.04
     193        F        S            0.03
     193        F        H            0.02
     193        F        Y            0.02
(HA2)124        K        G            0.02
     226        I        P            0.02
     193        F        G            0.01
(HA2)102        L        I            0.01
     193        F        Q            0.01

2018-10-10 21:33:55,051 - INFO - Writing to ./results/fracsurvive/4C01-replicate-2b_mutfracsurvive.csv
2018-10-10 21:33:55,114 - INFO - Computing sitefracsurvive...
2018-10-10 21:33:55,144 - INFO - Sites with largest avgfracsurvive:
site  avgfracsurvive  maxfracsurvive
     193            0.01            0.04
     222            0.00            0.01
(HA2)124            0.00            0.02
     226            0.00            0.02
(HA2)102            0.00            0.01
     154            0.00            0.01
 (HA2)65            0.00            0.01
     304            0.00            0.01
     223            0.00            0.01
     131            0.00            0.01

2018-10-10 21:33:55,144 - INFO - Writing to ./results/fracsurvive/4C01-replicate-2b_sitefracsurvive.csv
2018-10-10 21:33:55,154 - INFO - Successful completion of dms2_fracsurvive
