2018-10-10 21:47:40,576 - INFO - Beginning execution of dms2_fracsurvive in directory /fh/fast/bloom_j/computational_notebooks/jmlee34/2018/Perth2009-HA_mAb_MAP/MAP_analysis

2018-10-10 21:47:40,577 - INFO - Progress is being logged to ./results/fracsurvive/5A01-replicate-4a.log
2018-10-10 21:47:40,582 - INFO - Version information:
	Time and date: Wed Oct 10 21:47:40 2018
	Platform: Linux-3.13.0-143-generic-x86_64-with-debian-jessie-sid
	Python version: 3.6.5 |Anaconda, Inc.| (default, Apr 29 2018, 16:14:56)  [GCC 7.2.0]
	dms_tools2 version: 2.3.0
	Bio version: 1.72
	HTSeq version: 0.11.0
	pandas version: 0.23.4
	numpy version: 1.15.1
	IPython version: 6.5.0
	jupyter version: 1.0.0
	matplotlib version: 3.0.0
	plotnine version: 0.4.0
	natsort version: 5.4.1
	pystan version: 2.16.0.0
	scipy version: 1.1.0
	seaborn version: 0.9.0
	phydmslib version: 2.3.1
	statsmodels version: 0.9.0
	rpy2 version: 2.9.1
	regex version: 2.4.146
	umi_tools version unknown

2018-10-10 21:47:40,583 - INFO - Parsed the following arguments:
	outdir = ./results/fracsurvive/
	ncpus = 2
	use_existing = yes
	indir = ./results/renumberedcounts
	chartype = codon_to_aa
	aboveavg = no
	excludestop = yes
	pseudocount = 5.0
	mincount = 0
	name = 5A01-replicate-4a
	sel = L4-5A01-100ng-ml
	mock = L4mock
	libfracsurvive = 0.00136
	err = WT-pHH-plasmid

2018-10-10 21:47:40,584 - INFO - Reading selected sample counts from L4-5A01-100ng-ml
2018-10-10 21:47:40,613 - INFO - Reading mock-selected sample counts from L4mock
2018-10-10 21:47:40,621 - INFO - Reading error-control sample counts from WT-pHH-plasmid
2018-10-10 21:47:40,634 - INFO - Computing fracsurvive for each mutation...
2018-10-10 21:47:43,844 - INFO - Mutations with largest mutfracsurvive:
site wildtype mutation  mutfracsurvive
(HA2)51        K        N            0.21
(HA2)47        Q        Y            0.21
    224        R        T            0.20
    214        S        V            0.19
    159        F        G            0.19
    326        K        V            0.17
    160        K        S            0.14
    160        K        Y            0.13
    160        K        T            0.12
    193        F        A            0.12

2018-10-10 21:47:43,845 - INFO - Writing to ./results/fracsurvive/5A01-replicate-4a_mutfracsurvive.csv
2018-10-10 21:47:43,892 - INFO - Computing sitefracsurvive...
2018-10-10 21:47:43,907 - INFO - Sites with largest avgfracsurvive:
site  avgfracsurvive  maxfracsurvive
    160            0.02            0.14
    159            0.01            0.19
    224            0.01            0.20
(HA2)51            0.01            0.21
(HA2)47            0.01            0.21
    214            0.01            0.19
    326            0.01            0.17
    193            0.01            0.12
      4            0.01            0.10
    207            0.01            0.11

2018-10-10 21:47:43,907 - INFO - Writing to ./results/fracsurvive/5A01-replicate-4a_sitefracsurvive.csv
2018-10-10 21:47:43,918 - INFO - Successful completion of dms2_fracsurvive
