2018-10-10 21:34:13,364 - INFO - Beginning execution of dms2_fracsurvive in directory /fh/fast/bloom_j/computational_notebooks/jmlee34/2018/Perth2009-HA_mAb_MAP/MAP_analysis

2018-10-10 21:34:13,365 - INFO - Progress is being logged to ./results/fracsurviveaboveavg/3C04-replicate-4b.log
2018-10-10 21:34:13,370 - INFO - Version information:
	Time and date: Wed Oct 10 21:34:13 2018
	Platform: Linux-3.13.0-143-generic-x86_64-with-debian-jessie-sid
	Python version: 3.6.5 |Anaconda, Inc.| (default, Apr 29 2018, 16:14:56)  [GCC 7.2.0]
	dms_tools2 version: 2.3.0
	Bio version: 1.72
	HTSeq version: 0.11.0
	pandas version: 0.23.4
	numpy version: 1.15.1
	IPython version: 6.5.0
	jupyter version: 1.0.0
	matplotlib version: 3.0.0
	plotnine version: 0.4.0
	natsort version: 5.4.1
	pystan version: 2.16.0.0
	scipy version: 1.1.0
	seaborn version: 0.9.0
	phydmslib version: 2.3.1
	statsmodels version: 0.9.0
	rpy2 version: 2.9.1
	regex version: 2.4.146
	umi_tools version unknown

2018-10-10 21:34:13,370 - INFO - Parsed the following arguments:
	outdir = ./results/fracsurviveaboveavg/
	ncpus = 2
	use_existing = yes
	indir = ./results/renumberedcounts
	chartype = codon_to_aa
	aboveavg = yes
	excludestop = yes
	pseudocount = 5.0
	mincount = 0
	name = 3C04-replicate-4b
	sel = L4-3C04-250ng-ml
	mock = L4mock
	libfracsurvive = 0.000421
	err = WT-pHH-plasmid

2018-10-10 21:34:13,373 - INFO - Reading selected sample counts from L4-3C04-250ng-ml
2018-10-10 21:34:13,398 - INFO - Reading mock-selected sample counts from L4mock
2018-10-10 21:34:13,410 - INFO - Reading error-control sample counts from WT-pHH-plasmid
2018-10-10 21:34:13,422 - INFO - Computing fracsurvive for each mutation...
2018-10-10 21:34:13,422 - INFO - These are the fracsurvive **above** the library average of 0.000421
2018-10-10 21:34:17,108 - INFO - Mutations with largest mutfracsurvive:
site wildtype mutation  mutfracsurvive
     224        R        T            0.13
     192        I        E            0.06
     122        N        Y            0.06
     160        K        S            0.05
     192        I        K            0.05
     192        I        G            0.05
      67        I        M            0.05
     304        A        E            0.05
       4        P        N            0.04
(HA2)184        D        A            0.04

2018-10-10 21:34:17,108 - INFO - Writing to ./results/fracsurviveaboveavg/3C04-replicate-4b_mutfracsurvive.csv
2018-10-10 21:34:17,140 - INFO - Computing sitefracsurvive...
2018-10-10 21:34:17,155 - INFO - Sites with largest avgfracsurvive:
site  avgfracsurvive  maxfracsurvive
     192            0.01            0.06
     224            0.01            0.13
     160            0.01            0.05
     122            0.00            0.06
     193            0.00            0.03
      67            0.00            0.05
     304            0.00            0.05
(HA2)184            0.00            0.04
       4            0.00            0.04
     279            0.00            0.03

2018-10-10 21:34:17,155 - INFO - Writing to ./results/fracsurviveaboveavg/3C04-replicate-4b_sitefracsurvive.csv
2018-10-10 21:34:17,161 - INFO - Successful completion of dms2_fracsurvive
