2018-10-10 21:34:12,612 - INFO - Beginning execution of dms2_fracsurvive in directory /fh/fast/bloom_j/computational_notebooks/jmlee34/2018/Perth2009-HA_mAb_MAP/MAP_analysis

2018-10-10 21:34:12,612 - INFO - Progress is being logged to ./results/fracsurviveaboveavg/3C04-replicate-2a.log
2018-10-10 21:34:12,617 - INFO - Version information:
	Time and date: Wed Oct 10 21:34:12 2018
	Platform: Linux-3.13.0-143-generic-x86_64-with-debian-jessie-sid
	Python version: 3.6.5 |Anaconda, Inc.| (default, Apr 29 2018, 16:14:56)  [GCC 7.2.0]
	dms_tools2 version: 2.3.0
	Bio version: 1.72
	HTSeq version: 0.11.0
	pandas version: 0.23.4
	numpy version: 1.15.1
	IPython version: 6.5.0
	jupyter version: 1.0.0
	matplotlib version: 3.0.0
	plotnine version: 0.4.0
	natsort version: 5.4.1
	pystan version: 2.16.0.0
	scipy version: 1.1.0
	seaborn version: 0.9.0
	phydmslib version: 2.3.1
	statsmodels version: 0.9.0
	rpy2 version: 2.9.1
	regex version: 2.4.146
	umi_tools version unknown

2018-10-10 21:34:12,617 - INFO - Parsed the following arguments:
	outdir = ./results/fracsurviveaboveavg/
	ncpus = 2
	use_existing = yes
	indir = ./results/renumberedcounts
	chartype = codon_to_aa
	aboveavg = yes
	excludestop = yes
	pseudocount = 5.0
	mincount = 0
	name = 3C04-replicate-2a
	sel = L2-3C04-200ng-ml
	mock = L2mock-B
	libfracsurvive = 0.1101
	err = WTplasmid-B

2018-10-10 21:34:12,620 - INFO - Reading selected sample counts from L2-3C04-200ng-ml
2018-10-10 21:34:12,642 - INFO - Reading mock-selected sample counts from L2mock-B
2018-10-10 21:34:12,654 - INFO - Reading error-control sample counts from WTplasmid-B
2018-10-10 21:34:12,665 - INFO - Computing fracsurvive for each mutation...
2018-10-10 21:34:12,665 - INFO - These are the fracsurvive **above** the library average of 0.1101
2018-10-10 21:34:16,519 - INFO - Mutations with largest mutfracsurvive:
site wildtype mutation  mutfracsurvive
184        H        N            1.51
 -5        C        P            1.12
218        G        Y            0.91
160        K        S            0.81
193        F        D            0.80
160        K        T            0.75
192        I        E            0.66
262        S        T            0.66
159        F        G            0.58
192        I        D            0.58

2018-10-10 21:34:16,520 - INFO - Writing to ./results/fracsurviveaboveavg/3C04-replicate-2a_mutfracsurvive.csv
2018-10-10 21:34:16,574 - INFO - Computing sitefracsurvive...
2018-10-10 21:34:16,601 - INFO - Sites with largest avgfracsurvive:
site  avgfracsurvive  maxfracsurvive
192            0.20            0.66
159            0.17            0.58
193            0.11            0.80
160            0.10            0.81
218            0.09            0.91
184            0.09            1.51
244            0.09            0.37
 -5            0.07            1.12
262            0.06            0.66
201            0.05            0.18

2018-10-10 21:34:16,601 - INFO - Writing to ./results/fracsurviveaboveavg/3C04-replicate-2a_sitefracsurvive.csv
2018-10-10 21:34:16,610 - INFO - Successful completion of dms2_fracsurvive
