2018-10-10 21:34:13,255 - INFO - Beginning execution of dms2_fracsurvive in directory /fh/fast/bloom_j/computational_notebooks/jmlee34/2018/Perth2009-HA_mAb_MAP/MAP_analysis

2018-10-10 21:34:13,255 - INFO - Progress is being logged to ./results/fracsurviveaboveavg/4C01-replicate-4b.log
2018-10-10 21:34:13,262 - INFO - Version information:
	Time and date: Wed Oct 10 21:34:13 2018
	Platform: Linux-3.13.0-143-generic-x86_64-with-debian-jessie-sid
	Python version: 3.6.5 |Anaconda, Inc.| (default, Apr 29 2018, 16:14:56)  [GCC 7.2.0]
	dms_tools2 version: 2.3.0
	Bio version: 1.72
	HTSeq version: 0.11.0
	pandas version: 0.23.4
	numpy version: 1.15.1
	IPython version: 6.5.0
	jupyter version: 1.0.0
	matplotlib version: 3.0.0
	plotnine version: 0.4.0
	natsort version: 5.4.1
	pystan version: 2.16.0.0
	scipy version: 1.1.0
	seaborn version: 0.9.0
	phydmslib version: 2.3.1
	statsmodels version: 0.9.0
	rpy2 version: 2.9.1
	regex version: 2.4.146
	umi_tools version unknown

2018-10-10 21:34:13,262 - INFO - Parsed the following arguments:
	outdir = ./results/fracsurviveaboveavg/
	ncpus = 2
	use_existing = yes
	indir = ./results/renumberedcounts
	chartype = codon_to_aa
	aboveavg = yes
	excludestop = yes
	pseudocount = 5.0
	mincount = 0
	name = 4C01-replicate-4b
	sel = L4-4C01-400ng-ml
	mock = L4mock
	libfracsurvive = 0.000532
	err = WT-pHH-plasmid

2018-10-10 21:34:13,265 - INFO - Reading selected sample counts from L4-4C01-400ng-ml
2018-10-10 21:34:13,297 - INFO - Reading mock-selected sample counts from L4mock
2018-10-10 21:34:13,310 - INFO - Reading error-control sample counts from WT-pHH-plasmid
2018-10-10 21:34:13,320 - INFO - Computing fracsurvive for each mutation...
2018-10-10 21:34:13,320 - INFO - These are the fracsurvive **above** the library average of 0.000532
2018-10-10 21:34:17,391 - INFO - Mutations with largest mutfracsurvive:
site wildtype mutation  mutfracsurvive
     304        A        E            0.16
     193        F        D            0.11
     193        F        A            0.11
     160        K        Y            0.10
     207        K        A            0.09
     121        N        D            0.05
     193        F        S            0.05
     240        G        N            0.04
(HA2)203        L        K            0.04
     223        V        C            0.04

2018-10-10 21:34:17,392 - INFO - Writing to ./results/fracsurviveaboveavg/4C01-replicate-4b_mutfracsurvive.csv
2018-10-10 21:34:17,422 - INFO - Computing sitefracsurvive...
2018-10-10 21:34:17,437 - INFO - Sites with largest avgfracsurvive:
site  avgfracsurvive  maxfracsurvive
     193            0.02            0.11
     304            0.01            0.16
     160            0.01            0.10
     207            0.00            0.09
     121            0.00            0.05
     240            0.00            0.04
(HA2)203            0.00            0.04
     223            0.00            0.04
(HA2)157            0.00            0.03
(HA2)106            0.00            0.03

2018-10-10 21:34:17,437 - INFO - Writing to ./results/fracsurviveaboveavg/4C01-replicate-4b_sitefracsurvive.csv
2018-10-10 21:34:17,442 - INFO - Successful completion of dms2_fracsurvive
