2018-10-10 21:48:56,731 - INFO - Beginning execution of dms2_fracsurvive in directory /fh/fast/bloom_j/computational_notebooks/jmlee34/2018/Perth2009-HA_mAb_MAP/MAP_analysis

2018-10-10 21:48:56,731 - INFO - Progress is being logged to ./results/fracsurviveaboveavg/5A01-replicate-4b.log
2018-10-10 21:48:56,738 - INFO - Version information:
	Time and date: Wed Oct 10 21:48:56 2018
	Platform: Linux-3.13.0-143-generic-x86_64-with-debian-jessie-sid
	Python version: 3.6.5 |Anaconda, Inc.| (default, Apr 29 2018, 16:14:56)  [GCC 7.2.0]
	dms_tools2 version: 2.3.0
	Bio version: 1.72
	HTSeq version: 0.11.0
	pandas version: 0.23.4
	numpy version: 1.15.1
	IPython version: 6.5.0
	jupyter version: 1.0.0
	matplotlib version: 3.0.0
	plotnine version: 0.4.0
	natsort version: 5.4.1
	pystan version: 2.16.0.0
	scipy version: 1.1.0
	seaborn version: 0.9.0
	phydmslib version: 2.3.1
	statsmodels version: 0.9.0
	rpy2 version: 2.9.1
	regex version: 2.4.146
	umi_tools version unknown

2018-10-10 21:48:56,738 - INFO - Parsed the following arguments:
	outdir = ./results/fracsurviveaboveavg/
	ncpus = 2
	use_existing = yes
	indir = ./results/renumberedcounts
	chartype = codon_to_aa
	aboveavg = yes
	excludestop = yes
	pseudocount = 5.0
	mincount = 0
	name = 5A01-replicate-4b
	sel = L4-5A01-200ng-ml
	mock = L4mock
	libfracsurvive = 0.000162
	err = WT-pHH-plasmid

2018-10-10 21:48:56,740 - INFO - Reading selected sample counts from L4-5A01-200ng-ml
2018-10-10 21:48:56,767 - INFO - Reading mock-selected sample counts from L4mock
2018-10-10 21:48:56,780 - INFO - Reading error-control sample counts from WT-pHH-plasmid
2018-10-10 21:48:56,792 - INFO - Computing fracsurvive for each mutation...
2018-10-10 21:48:56,792 - INFO - These are the fracsurvive **above** the library average of 0.000162
2018-10-10 21:48:59,789 - INFO - Mutations with largest mutfracsurvive:
site wildtype mutation  mutfracsurvive
    224        R        T            0.07
    160        K        Y            0.05
    193        F        A            0.04
    207        K        A            0.04
(HA2)88        K        R            0.03
      4        P        N            0.03
    160        K        S            0.03
(HA2)51        K        N            0.03
(HA2)47        Q        Y            0.02
     67        I        M            0.02

2018-10-10 21:48:59,790 - INFO - Writing to ./results/fracsurviveaboveavg/5A01-replicate-4b_mutfracsurvive.csv
2018-10-10 21:48:59,825 - INFO - Computing sitefracsurvive...
2018-10-10 21:48:59,843 - INFO - Sites with largest avgfracsurvive:
site  avgfracsurvive  maxfracsurvive
    160            0.00            0.05
    224            0.00            0.07
    193            0.00            0.04
    207            0.00            0.04
    159            0.00            0.02
(HA2)88            0.00            0.03
      4            0.00            0.03
(HA2)51            0.00            0.03
(HA2)47            0.00            0.02
     67            0.00            0.02

2018-10-10 21:48:59,843 - INFO - Writing to ./results/fracsurviveaboveavg/5A01-replicate-4b_sitefracsurvive.csv
2018-10-10 21:48:59,849 - INFO - Successful completion of dms2_fracsurvive
