2018-10-10 22:00:41,433 - INFO - Beginning execution of dms2_batch_fracsurvive in directory /fh/fast/bloom_j/computational_notebooks/jmlee34/2018/Perth2009-HA_mAb_MAP/MAP_analysis

2018-10-10 22:00:41,433 - INFO - Progress is being logged to ./results/fracsurviveaboveavg/summary.log
2018-10-10 22:00:41,438 - INFO - Version information:
	Time and date: Wed Oct 10 22:00:41 2018
	Platform: Linux-3.13.0-143-generic-x86_64-with-debian-jessie-sid
	Python version: 3.6.5 |Anaconda, Inc.| (default, Apr 29 2018, 16:14:56)  [GCC 7.2.0]
	dms_tools2 version: 2.3.0
	Bio version: 1.72
	HTSeq version: 0.11.0
	pandas version: 0.23.4
	numpy version: 1.15.1
	IPython version: 6.5.0
	jupyter version: 1.0.0
	matplotlib version: 3.0.0
	plotnine version: 0.4.0
	natsort version: 5.4.1
	pystan version: 2.16.0.0
	scipy version: 1.1.0
	seaborn version: 0.9.0
	phydmslib version: 2.3.1
	statsmodels version: 0.9.0
	rpy2 version: 2.9.1
	regex version: 2.4.146
	umi_tools version unknown

2018-10-10 22:00:41,438 - INFO - Parsed the following arguments:
	outdir = ./results/fracsurviveaboveavg/
	ncpus = -1
	use_existing = yes
	indir = ./results/renumberedcounts
	chartype = codon_to_aa
	aboveavg = yes
	excludestop = yes
	pseudocount = 5
	mincount = 0
	batchfile = ./results/fracsurvive/batch.csv
	summaryprefix = summary

2018-10-10 22:00:41,438 - INFO - Parsing info from ./results/fracsurvive/batch.csv
2018-10-10 22:00:41,464 - INFO - Read the following sample information:
group,name,sel,mock,err,libfracsurvive,grouplabel,antibody
5A01,replicate-2a,L2-5A01-200ng-ml,L2mock-A,WTplasmid-A,0.02285,anti-site B antibody: 5A01,5A01
5A01,replicate-2b,L2-5A01-1ug-ml,L2mock-A,WTplasmid-A,3.97e-05,anti-site B antibody: 5A01,5A01
5A01,replicate-4a,L4-5A01-100ng-ml,L4mock,WT-pHH-plasmid,0.00136,anti-site B antibody: 5A01,5A01
5A01,replicate-4b,L4-5A01-200ng-ml,L4mock,WT-pHH-plasmid,0.000162,anti-site B antibody: 5A01,5A01
3C06,replicate-2a,L2-3C06-200ng-ml,L2mock-B,WTplasmid-B,0.1168,anti-site B antibody: 3C06,3C06
3C06,replicate-2b,L2-3C06-550ng-ml,L2mock-A,WTplasmid-A,0.0001,anti-site B antibody: 3C06,3C06
3C06,replicate-2c,L2-3C06-700ng-ml,L2mock-A,WTplasmid-A,8.8e-05,anti-site B antibody: 3C06,3C06
3C06,replicate-2d,L2-3C06-1ug-ml,L2mock-A,WTplasmid-A,6.659999999999999e-05,anti-site B antibody: 3C06,3C06
3C06,replicate-4a,L4-3C06-100ng-ml,L4mock,WT-pHH-plasmid,0.000688,anti-site B antibody: 3C06,3C06
3C06,replicate-4b,L4-3C06-250ng-ml,L4mock,WT-pHH-plasmid,0.000107,anti-site B antibody: 3C06,3C06
3C04,replicate-2a,L2-3C04-200ng-ml,L2mock-B,WTplasmid-B,0.1101,anti-site B antibody: 3C04,3C04
3C04,replicate-2b,L2-3C04-650ng-ml,L2mock-A,WTplasmid-A,0.000331,anti-site B antibody: 3C04,3C04
3C04,replicate-2c,L2-3C04-1ug-ml,L2mock-A,WTplasmid-A,0.000262,anti-site B antibody: 3C04,3C04
3C04,replicate-4a,L4-3C04-100ng-ml,L4mock,WT-pHH-plasmid,0.0007769999999999999,anti-site B antibody: 3C04,3C04
3C04,replicate-4b,L4-3C04-250ng-ml,L4mock,WT-pHH-plasmid,0.000421,anti-site B antibody: 3C04,3C04
4C01,replicate-2a,L2-4C01-600ng-ml,L2mock-A,WTplasmid-A,0.000185,anti-site B antibody: 4C01,4C01
4C01,replicate-2b,L2-4C01-1ug-ml,L2mock-A,WTplasmid-A,7.340000000000001e-05,anti-site B antibody: 4C01,4C01
4C01,replicate-4a,L4-4C01-200ng-ml,L4mock,WT-pHH-plasmid,0.00119,anti-site B antibody: 4C01,4C01
4C01,replicate-4b,L4-4C01-400ng-ml,L4mock,WT-pHH-plasmid,0.000532,anti-site B antibody: 4C01,4C01
4F03,replicate-2,L2-4F03-2ug-ml,L2mock-A,WTplasmid-A,0.00997,4F03,4F03
4F03,replicate-3,L3-4F03-2ug-ml,L3mock,WTplasmid-B,0.03775,4F03,4F03
1C04,replicate-2a,L2-1C04-10ug-ml,L2mock-A,WTplasmid-A,0.111,1C04,1C04
1C04,replicate-2b,L2-1C04-16ug-ml,L2mock-A,WTplasmid-A,0.10319,1C04,1C04
1C04,replicate-3,L3-1C04-18ug-ml,L3mock,WTplasmid-B,0.07904,1C04,1C04
6C05,replicate-2a,L2-6C05-2ug-ml,L2mock-A,WTplasmid-A,0.0844,6C05,6C05
6C05,replicate-2b,L2-6C05-5ug-ml,L2mock-A,WTplasmid-A,0.01474,6C05,6C05
6C05,replicate-2c,L2-6C05-7ug-ml,L2mock-A,WTplasmid-A,0.0072,6C05,6C05
6C05,replicate-3,L3-6C05-3ug-ml,L3mock,WTplasmid-B,0.04239,6C05,6C05


2018-10-10 22:00:41,487 - INFO - Output summary files already exist and '--use_existing' is 'yes', so exiting with no further action.
